<?xml version="1.0" encoding="UTF-8"?>
<!-- Generated by org.testng.reporters.JUnitXMLReporter -->
<testsuite ignored="0" hostname="DESKTOP-F2TT3DR" failures="0" tests="4" name="Default test" time="162.657" errors="0" timestamp="2024-09-01T22:51:04 PKT">
  <testcase classname="com.qa.testcases.RegistrationTest" name="accountRegistration" time="19.787"/>
  <testcase classname="com.qa.testcases.LoginTest" name="accountLogin" time="25.367"/>
  <testcase classname="com.qa.testcases.EditProfileTest" name="EditProfile" time="42.342"/>
  <testcase classname="com.qa.testcases.PictureAndResultsTest" name="CameraPictureAndResults" time="39.42"/>
</testsuite> <!-- Default test -->
